<?xml version="1.0" encoding="UTF-8"?>
<testsuite xmlns:xsi="http://www.w3.org/2001/XMLSchema-instance" xsi:noNamespaceSchemaLocation="https://maven.apache.org/surefire/maven-surefire-plugin/xsd/surefire-test-report-3.0.xsd" version="3.0" name="se.yrgo.classes.GameTest" time="0.023" tests="2" errors="0" skipped="0" failures="0">
  <properties>
[...]
</properties>
  <testcase name="testAskQuestion" classname="se.yrgo.classes.GameTest" time="0.003">
    <system-out><![CDATA[Guess one letter: ]]></system-out>
  </testcase>
  <testcase name="testIsOutOfGuesses" classname="se.yrgo.classes.GameTest" time="0.003">
    <system-out><![CDATA[Wrong guess, try again
*****
Wrong guess, try again
*****
Wrong guess, try again
*****
Wrong guess, try again
*****
Wrong guess, try again
*****
Wrong guess, try again
*****
Wrong guess, try again
*****
Wrong guess, try again
*****
Wrong guess, try again
*****
No guesses left, u suck
konst
]]></system-out>
  </testcase>
</testsuite>